<?xml version="1.0" encoding="utf-8"?><testsuites name="pytest tests"><testsuite name="pytest" errors="0" failures="0" skipped="0" tests="33" time="0.171" timestamp="2026-09-11T00:58:10.665244+10:00" hostname="DESKTOP-5V198AC"><testcase classname="tests.test_controls" name="test_SITAS_T15_mfa_blocks_password_caps_bypass_and_preserves_session" time="0.002" /><testcase classname="tests.test_controls" name="test_SITAS_T16_rbac_blocks_inappropriate_privilege_only" time="0.001" /><testcase classname="tests.test_controls" name="test_SITAS_T17_disablement_targets_selected_identity" time="0.002" /><testcase classname="tests.test_controls" name="test_SITAS_T18_timeout_blocks_stale_session_but_preserves_fresh_and_token" time="0.001" /><testcase classname="tests.test_controls" name="test_SITAS_T19_administrative_restriction_blocks_tagged_privilege" time="0.001" /><testcase classname="tests.test_controls" name="test_revocation_blocks_stolen_session_without_expiring_other_sessions" time="0.001" /><testcase classname="tests.test_controls" name="test_individual_accounts_remove_explicit_shared_account_transition" time="0.001" /><testcase classname="tests.test_controls" name="test_privileged_reauthentication_caps_transition_without_removing_it" time="0.001" /><testcase classname="tests.test_controls" name="test_device_separation_blocks_shared_device_transition_only" time="0.001" /><testcase classname="tests.test_controls" name="test_all_nine_controls_produce_expected_survivors_and_effects" time="0.001" /><testcase classname="tests.test_controls" name="test_baseline_graph_and_edge_values_remain_unchanged" time="0.001" /><testcase classname="tests.test_controls" name="test_target_selector_matches_edge_destination_and_requires_matching_tag" time="0.001" /><testcase classname="tests.test_controls" name="test_multiple_caps_use_minimum_and_keep_each_rules_own_effect" time="0.002" /><testcase classname="tests.test_controls" name="test_cap_cannot_increase_original_likelihood" time="0.001" /><testcase classname="tests.test_controls" name="test_block_dominates_cap_and_both_explanations_are_retained" time="0.001" /><testcase classname="tests.test_controls" name="test_control_selection_order_and_duplicates_do_not_change_results" time="0.001" /><testcase classname="tests.test_controls" name="test_reapplying_same_controls_is_graph_idempotent" time="0.001" /><testcase classname="tests.test_controls" name="test_empty_selection_preserves_graph_and_has_no_effects" time="0.001" /><testcase classname="tests.test_controls" name="test_unknown_control_id_fails_clearly" time="0.001" /><testcase classname="tests.test_controls" name="test_effect_order_and_serialized_fields_are_deterministic" time="0.001" /><testcase classname="tests.test_controls" name="test_effect_records_are_immutable" time="0.001" /><testcase classname="tests.test_comparison" name="test_SITAS_T20_reconciles_blocked_reduced_unchanged_and_exposure" time="0.001" /><testcase classname="tests.test_comparison" name="test_blocked_findings_retain_baseline_without_inventing_low_residual_risk" time="0.001" /><testcase classname="tests.test_comparison" name="test_reduced_finding_preserves_baseline_fields_and_records_remaining_score" time="0.002" /><testcase classname="tests.test_comparison" name="test_cap_can_change_an_edge_without_changing_the_path_bottleneck" time="0.001" /><testcase classname="tests.test_comparison" name="test_parallel_edge_paths_are_matched_by_ordered_edge_ids" time="0.001" /><testcase classname="tests.test_comparison" name="test_all_blocked_paths_contribute_no_remaining_severity_or_exposure" time="0.001" /><testcase classname="tests.test_comparison" name="test_zero_path_analysis_has_zero_exposure_reduction" time="0.001" /><testcase classname="tests.test_comparison" name="test_no_selected_controls_preserves_every_baseline_path" time="0.001" /><testcase classname="tests.test_comparison" name="test_permuted_inputs_and_control_selection_preserve_canonical_findings" time="0.001" /><testcase classname="tests.test_comparison" name="test_resource_exhaustion_raises_instead_of_returning_partial_comparison[limits0]" time="0.001" /><testcase classname="tests.test_comparison" name="test_resource_exhaustion_raises_instead_of_returning_partial_comparison[limits1]" time="0.001" /><testcase classname="tests.test_comparison" name="test_depth_bound_is_retained_in_search_evidence" time="0.001" /></testsuite></testsuites>