<?xml version="1.0" encoding="utf-8"?><testsuites name="pytest tests"><testsuite name="pytest" errors="0" failures="0" skipped="0" tests="19" time="0.136" timestamp="2026-09-11T01:06:21.610610+10:00" hostname="DESKTOP-5V198AC"><testcase classname="tests.test_scenarios" name="test_SITAS_T24_each_scenario_matches_explicit_paths_scores_and_control_outcomes[scenario_01]" time="0.025" /><testcase classname="tests.test_scenarios" name="test_SITAS_T24_each_scenario_matches_explicit_paths_scores_and_control_outcomes[scenario_02]" time="0.001" /><testcase classname="tests.test_scenarios" name="test_SITAS_T24_each_scenario_matches_explicit_paths_scores_and_control_outcomes[scenario_03]" time="0.001" /><testcase classname="tests.test_scenarios" name="test_SITAS_T24_each_scenario_matches_explicit_paths_scores_and_control_outcomes[scenario_04]" time="0.001" /><testcase classname="tests.test_scenarios" name="test_SITAS_T24_each_scenario_matches_explicit_paths_scores_and_control_outcomes[scenario_05]" time="0.001" /><testcase classname="tests.test_scenarios" name="test_SITAS_T24_each_scenario_matches_explicit_paths_scores_and_control_outcomes[scenario_06]" time="0.001" /><testcase classname="tests.test_scenarios" name="test_SITAS_T24_each_scenario_matches_explicit_paths_scores_and_control_outcomes[scenario_07]" time="0.001" /><testcase classname="tests.test_scenarios" name="test_SITAS_T24_each_scenario_matches_explicit_paths_scores_and_control_outcomes[scenario_08]" time="0.001" /><testcase classname="tests.test_scenarios" name="test_SITAS_T24_each_scenario_matches_explicit_paths_scores_and_control_outcomes[scenario_09]" time="0.001" /><testcase classname="tests.test_scenarios" name="test_SITAS_T24_each_scenario_matches_explicit_paths_scores_and_control_outcomes[scenario_10]" time="0.001" /><testcase classname="tests.test_scenarios" name="test_all_scenarios_have_reconciled_hand_calculated_totals" time="0.003" /><testcase classname="tests.test_scenarios" name="test_mfa_alone_preserves_administrator_session_alternative" time="0.001" /><testcase classname="tests.test_scenarios" name="test_mfa_alone_does_not_remove_session_only_scenario" time="0.001" /><testcase classname="tests.test_scenarios" name="test_timeout_alone_leaves_fresh_shared_session_path" time="0.001" /><testcase classname="tests.test_scenarios" name="test_disablement_matches_stale_identity_but_preserves_active_worker" time="0.001" /><testcase classname="tests.test_scenarios" name="test_device_separation_preserves_original_device_while_revocation_blocks_both" time="0.001" /><testcase classname="tests.test_scenarios" name="test_agency_primary_route_contains_credential_shared_device_and_application" time="0.001" /><testcase classname="tests.test_scenarios" name="test_multistage_primary_places_workstation_and_application_before_privilege" time="0.001" /><testcase classname="tests.test_scenarios" name="test_no_controls_preserves_all_baseline_routes_and_scores" time="0.003" /></testsuite></testsuites>