<?xml version="1.0" encoding="utf-8"?><testsuites name="pytest tests"><testsuite name="pytest" errors="0" failures="0" skipped="0" tests="29" time="0.116" timestamp="2026-09-11T00:50:07.772388+10:00" hostname="DESKTOP-5V198AC"><testcase classname="tests.test_pathfinder" name="test_SITAS_T06_basic_attack_path_has_expected_ordered_steps" time="0.002" /><testcase classname="tests.test_pathfinder" name="test_SITAS_T07_multiple_paths_share_nodes_without_suppression" time="0.002" /><testcase classname="tests.test_pathfinder" name="test_SITAS_T08_valid_unreachable_target_returns_zero_paths" time="0.001" /><testcase classname="tests.test_pathfinder" name="test_SITAS_T09_cycles_and_self_loops_do_not_repeat_nodes" time="0.001" /><testcase classname="tests.test_pathfinder" name="test_SITAS_T10_maximum_depth_counts_edges_and_preserves_exact_limit" time="0.001" /><testcase classname="tests.test_pathfinder" name="test_depth_pruning_retains_shorter_alternative_path" time="0.001" /><testcase classname="tests.test_pathfinder" name="test_parallel_edges_produce_distinct_paths_even_with_same_nodes" time="0.001" /><testcase classname="tests.test_pathfinder" name="test_ids_are_stable_when_input_order_changes" time="0.001" /><testcase classname="tests.test_pathfinder" name="test_path_identity_survives_unrelated_branch_addition" time="0.001" /><testcase classname="tests.test_pathfinder" name="test_backtracking_restores_visited_nodes_for_cross_connected_routes" time="0.001" /><testcase classname="tests.test_pathfinder" name="test_target_is_terminal_even_if_it_has_outgoing_edges" time="0.001" /><testcase classname="tests.test_pathfinder" name="test_path_count_limit_allows_exact_number_and_rejects_extra_path" time="0.001" /><testcase classname="tests.test_pathfinder" name="test_expansion_limit_allows_exact_work_and_rejects_next_edge" time="0.001" /><testcase classname="tests.test_pathfinder" name="test_cycle_edges_consume_expansion_budget" time="0.001" /><testcase classname="tests.test_pathfinder" name="test_pruned_edges_consume_expansion_budget" time="0.001" /><testcase classname="tests.test_pathfinder" name="test_resource_failure_is_model_error_and_does_not_return_partial_result" time="0.001" /><testcase classname="tests.test_pathfinder" name="test_unknown_or_equal_endpoints_rejected[Unknown-T]" time="0.001" /><testcase classname="tests.test_pathfinder" name="test_unknown_or_equal_endpoints_rejected[S-Unknown]" time="0.001" /><testcase classname="tests.test_pathfinder" name="test_unknown_or_equal_endpoints_rejected[S-S]" time="0.001" /><testcase classname="tests.test_pathfinder" name="test_invalid_search_bounds_are_rejected[options0]" time="0.001" /><testcase classname="tests.test_pathfinder" name="test_invalid_search_bounds_are_rejected[options1]" time="0.001" /><testcase classname="tests.test_pathfinder" name="test_invalid_search_bounds_are_rejected[options2]" time="0.001" /><testcase classname="tests.test_pathfinder" name="test_invalid_search_bounds_are_rejected[options3]" time="0.001" /><testcase classname="tests.test_pathfinder" name="test_invalid_search_bounds_are_rejected[options4]" time="0.001" /><testcase classname="tests.test_pathfinder" name="test_invalid_search_bounds_are_rejected[options5]" time="0.001" /><testcase classname="tests.test_pathfinder" name="test_invalid_search_bounds_are_rejected[options6]" time="0.001" /><testcase classname="tests.test_pathfinder" name="test_search_records_are_immutable" time="0.001" /><testcase classname="tests.test_pathfinder" name="test_maximum_supported_depth_handles_long_chain" time="0.004" /><testcase classname="tests.test_pathfinder" name="test_dfs_matches_independent_breadth_first_oracle_on_seeded_tiny_graphs" time="0.001" /></testsuite></testsuites>