<?xml version="1.0" encoding="utf-8"?><testsuites name="pytest tests"><testsuite name="pytest" errors="0" failures="0" skipped="0" tests="27" time="0.120" timestamp="2026-09-11T00:46:25.532576+10:00" hostname="DESKTOP-5V198AC"><testcase classname="tests.test_graph" name="test_SITAS_T04_graph_nodes_created_correctly" time="0.002" /><testcase classname="tests.test_graph" name="test_SITAS_T05_graph_edges_created_with_relationship_and_likelihood" time="0.001" /><testcase classname="tests.test_graph" name="test_edges_are_directed_without_implicit_reverse_relationship" time="0.001" /><testcase classname="tests.test_graph" name="test_parallel_edges_remain_distinct_and_ordered" time="0.001" /><testcase classname="tests.test_graph" name="test_adjacency_order_is_stable_when_input_order_changes" time="0.001" /><testcase classname="tests.test_graph" name="test_graph_id_maps_and_adjacency_are_immutable" time="0.001" /><testcase classname="tests.test_graph" name="test_disconnected_node_is_retained_with_empty_outgoing_edges" time="0.001" /><testcase classname="tests.test_graph" name="test_dag_with_shared_destination_and_parallel_edges_has_no_cycle" time="0.001" /><testcase classname="tests.test_graph" name="test_self_loop_is_reported_as_a_cycle" time="0.001" /><testcase classname="tests.test_graph" name="test_multi_node_cycle_is_detected_even_in_disconnected_component" time="0.001" /><testcase classname="tests.test_graph" name="test_cycle_detection_handles_long_chain_without_recursion" time="0.011" /><testcase classname="tests.test_graph" name="test_unknown_outgoing_node_raises_model_error" time="0.001" /><testcase classname="tests.test_graph" name="test_duplicate_node_ids_rejected" time="0.001" /><testcase classname="tests.test_graph" name="test_duplicate_edge_ids_rejected" time="0.002" /><testcase classname="tests.test_graph" name="test_dangling_edge_references_rejected[Unknown-Asset]" time="0.002" /><testcase classname="tests.test_graph" name="test_dangling_edge_references_rejected[Attacker-Unknown]" time="0.001" /><testcase classname="tests.test_graph" name="test_invalid_edge_likelihood_rejected_at_graph_constructor[True]" time="0.001" /><testcase classname="tests.test_graph" name="test_invalid_edge_likelihood_rejected_at_graph_constructor[0]" time="0.001" /><testcase classname="tests.test_graph" name="test_invalid_edge_likelihood_rejected_at_graph_constructor[6]" time="0.001" /><testcase classname="tests.test_graph" name="test_scenario_selection_retains_nodes_and_only_selected_edges" time="0.001" /><testcase classname="tests.test_graph" name="test_empty_scenario_selection_produces_graph_with_isolated_nodes" time="0.001" /><testcase classname="tests.test_graph" name="test_build_graph_rejects_unknown_selected_edge" time="0.001" /><testcase classname="tests.test_graph" name="test_build_graph_revalidates_direct_scenario_endpoints[Unknown-Asset]" time="0.001" /><testcase classname="tests.test_graph" name="test_build_graph_revalidates_direct_scenario_endpoints[Attacker-Unknown]" time="0.001" /><testcase classname="tests.test_graph" name="test_build_graph_revalidates_direct_scenario_endpoints[Asset-Asset]" time="0.001" /><testcase classname="tests.test_graph" name="test_build_graph_revalidates_direct_scenario_endpoints[Attacker-Account]" time="0.001" /><testcase classname="tests.test_graph" name="test_build_graph_rejects_duplicate_direct_scenario_edge_selection" time="0.001" /></testsuite></testsuites>