<?xml version="1.0" encoding="utf-8"?><testsuites name="pytest tests"><testsuite name="pytest" errors="0" failures="0" skipped="0" tests="121" time="0.398" timestamp="2026-09-11T00:42:15.905627+10:00" hostname="DESKTOP-5V198AC"><testcase classname="tests.test_loader" name="test_SITAS_T01_valid_environment_loads_with_parallel_edges" time="0.004" /><testcase classname="tests.test_loader" name="test_SITAS_T02_missing_required_environment_field_rejected[schema_version]" time="0.002" /><testcase classname="tests.test_loader" name="test_SITAS_T02_missing_required_environment_field_rejected[id]" time="0.001" /><testcase classname="tests.test_loader" name="test_SITAS_T02_missing_required_environment_field_rejected[name]" time="0.001" /><testcase classname="tests.test_loader" name="test_SITAS_T02_missing_required_environment_field_rejected[synthetic]" time="0.001" /><testcase classname="tests.test_loader" name="test_SITAS_T02_missing_required_environment_field_rejected[nodes]" time="0.001" /><testcase classname="tests.test_loader" name="test_SITAS_T02_missing_required_environment_field_rejected[edges]" time="0.001" /><testcase classname="tests.test_loader" name="test_SITAS_T03_malformed_json_rejected_safely" time="0.015" /><testcase classname="tests.test_loader" name="test_duplicate_json_keys_rejected_even_when_nested[{&quot;id&quot;:&quot;a&quot;,&quot;id&quot;:&quot;b&quot;}]" time="0.006" /><testcase classname="tests.test_loader" name="test_duplicate_json_keys_rejected_even_when_nested[{&quot;outer&quot;:{&quot;id&quot;:1,&quot;id&quot;:2}}]" time="0.006" /><testcase classname="tests.test_loader" name="test_nonfinite_json_constants_rejected[NaN]" time="0.005" /><testcase classname="tests.test_loader" name="test_nonfinite_json_constants_rejected[Infinity]" time="0.008" /><testcase classname="tests.test_loader" name="test_nonfinite_json_constants_rejected[-Infinity]" time="0.005" /><testcase classname="tests.test_loader" name="test_file_size_limit_rejected_before_parsing" time="0.015" /><testcase classname="tests.test_loader" name="test_non_utf8_input_rejected" time="0.006" /><testcase classname="tests.test_loader" name="test_missing_input_file_has_clear_error" time="0.004" /><testcase classname="tests.test_loader" name="test_schema_version_requires_exact_supported_integer[True]" time="0.001" /><testcase classname="tests.test_loader" name="test_schema_version_requires_exact_supported_integer[0]" time="0.001" /><testcase classname="tests.test_loader" name="test_schema_version_requires_exact_supported_integer[2]" time="0.001" /><testcase classname="tests.test_loader" name="test_schema_version_requires_exact_supported_integer[1]" time="0.001" /><testcase classname="tests.test_loader" name="test_schema_version_requires_exact_supported_integer[1.0]" time="0.002" /><testcase classname="tests.test_loader" name="test_synthetic_marker_requires_true_boolean[False]" time="0.003" /><testcase classname="tests.test_loader" name="test_synthetic_marker_requires_true_boolean[1]" time="0.001" /><testcase classname="tests.test_loader" name="test_synthetic_marker_requires_true_boolean[true]" time="0.001" /><testcase classname="tests.test_loader" name="test_synthetic_marker_requires_true_boolean[None]" time="0.001" /><testcase classname="tests.test_loader" name="test_unknown_schema_fields_rejected[environment]" time="0.001" /><testcase classname="tests.test_loader" name="test_unknown_schema_fields_rejected[node]" time="0.001" /><testcase classname="tests.test_loader" name="test_unknown_schema_fields_rejected[edge]" time="0.001" /><testcase classname="tests.test_loader" name="test_invalid_stable_ids_rejected[]" time="0.001" /><testcase classname="tests.test_loader" name="test_invalid_stable_ids_rejected[ ]" time="0.002" /><testcase classname="tests.test_loader" name="test_invalid_stable_ids_rejected[1startsWithDigit]" time="0.002" /><testcase classname="tests.test_loader" name="test_invalid_stable_ids_rejected[has spaces]" time="0.001" /><testcase classname="tests.test_loader" name="test_invalid_stable_ids_rejected[a/b]" time="0.001" /><testcase classname="tests.test_loader" name="test_invalid_stable_ids_rejected[AAAAAAAAAAAAAAAAAAAAAAAAAAAAAAAAAAAAAAAAAAAAAAAAAAAAAAAAAAAAAAAAAAAAAAAAAAAAAAAAA]" time="0.001" /><testcase classname="tests.test_loader" name="test_invalid_stable_ids_rejected[123]" time="0.001" /><testcase classname="tests.test_loader" name="test_duplicate_record_ids_rejected[nodes]" time="0.001" /><testcase classname="tests.test_loader" name="test_duplicate_record_ids_rejected[edges]" time="0.001" /><testcase classname="tests.test_loader" name="test_unknown_edge_endpoint_rejected[source]" time="0.003" /><testcase classname="tests.test_loader" name="test_unknown_edge_endpoint_rejected[target]" time="0.002" /><testcase classname="tests.test_loader" name="test_likelihood_requires_integer_ordinal_score[True]" time="0.001" /><testcase classname="tests.test_loader" name="test_likelihood_requires_integer_ordinal_score[0]" time="0.001" /><testcase classname="tests.test_loader" name="test_likelihood_requires_integer_ordinal_score[6]" time="0.001" /><testcase classname="tests.test_loader" name="test_likelihood_requires_integer_ordinal_score[3.5]" time="0.001" /><testcase classname="tests.test_loader" name="test_likelihood_requires_integer_ordinal_score[4]" time="0.001" /><testcase classname="tests.test_loader" name="test_likelihood_requires_integer_ordinal_score[None]" time="0.001" /><testcase classname="tests.test_loader" name="test_asset_impact_requires_integer_ordinal_score[False]" time="0.003" /><testcase classname="tests.test_loader" name="test_asset_impact_requires_integer_ordinal_score[0]" time="0.002" /><testcase classname="tests.test_loader" name="test_asset_impact_requires_integer_ordinal_score[6]" time="0.001" /><testcase classname="tests.test_loader" name="test_asset_impact_requires_integer_ordinal_score[4.0]" time="0.001" /><testcase classname="tests.test_loader" name="test_asset_impact_requires_integer_ordinal_score[5]" time="0.001" /><testcase classname="tests.test_loader" name="test_asset_requires_impact" time="0.001" /><testcase classname="tests.test_loader" name="test_unknown_node_type_rejected" time="0.001" /><testcase classname="tests.test_loader" name="test_duplicate_edge_tags_rejected" time="0.001" /><testcase classname="tests.test_loader" name="test_attributes_require_finite_json_mapping[None]" time="0.002" /><testcase classname="tests.test_loader" name="test_attributes_require_finite_json_mapping[value1]" time="0.002" /><testcase classname="tests.test_loader" name="test_attributes_require_finite_json_mapping[attributes]" time="0.001" /><testcase classname="tests.test_loader" name="test_attributes_require_finite_json_mapping[value3]" time="0.001" /><testcase classname="tests.test_loader" name="test_attributes_require_finite_json_mapping[value4]" time="0.001" /><testcase classname="tests.test_loader" name="test_overflowing_json_exponent_rejected_in_attributes" time="0.007" /><testcase classname="tests.test_loader" name="test_nested_attributes_are_copied_without_input_aliasing" time="0.002" /><testcase classname="tests.test_loader" name="test_excessive_attribute_nesting_rejected" time="0.001" /><testcase classname="tests.test_loader" name="test_environment_collection_limits_are_enforced[nodes-500]" time="0.001" /><testcase classname="tests.test_loader" name="test_environment_collection_limits_are_enforced[edges-5000]" time="0.001" /><testcase classname="tests.test_loader" name="test_empty_edge_graph_and_empty_scenario_selection_are_valid" time="0.001" /><testcase classname="tests.test_loader" name="test_valid_scenario_preserves_meaning_and_sorts_edge_selection" time="0.001" /><testcase classname="tests.test_loader" name="test_invalid_scenario_endpoints_rejected[source-Unknown]" time="0.001" /><testcase classname="tests.test_loader" name="test_invalid_scenario_endpoints_rejected[target-Unknown]" time="0.001" /><testcase classname="tests.test_loader" name="test_invalid_scenario_endpoints_rejected[target-Account]" time="0.002" /><testcase classname="tests.test_loader" name="test_invalid_scenario_endpoints_rejected[source-Asset]" time="0.002" /><testcase classname="tests.test_loader" name="test_invalid_scenario_edge_selection_rejected[value0]" time="0.001" /><testcase classname="tests.test_loader" name="test_invalid_scenario_edge_selection_rejected[value1]" time="0.001" /><testcase classname="tests.test_loader" name="test_invalid_scenario_edge_selection_rejected[EdgeAccess]" time="0.001" /><testcase classname="tests.test_loader" name="test_missing_scenario_fields_rejected[id]" time="0.001" /><testcase classname="tests.test_loader" name="test_missing_scenario_fields_rejected[title]" time="0.001" /><testcase classname="tests.test_loader" name="test_missing_scenario_fields_rejected[description]" time="0.001" /><testcase classname="tests.test_loader" name="test_missing_scenario_fields_rejected[source]" time="0.001" /><testcase classname="tests.test_loader" name="test_missing_scenario_fields_rejected[target]" time="0.002" /><testcase classname="tests.test_loader" name="test_missing_scenario_fields_rejected[edge_ids]" time="0.002" /><testcase classname="tests.test_loader" name="test_missing_scenario_fields_rejected[recommendation]" time="0.001" /><testcase classname="tests.test_loader" name="test_scenario_directory_returns_nonempty_tuple_sorted_by_id" time="0.008" /><testcase classname="tests.test_loader" name="test_duplicate_scenario_ids_across_files_rejected" time="0.010" /><testcase classname="tests.test_loader" name="test_empty_scenario_directory_rejected" time="0.003" /><testcase classname="tests.test_loader" name="test_missing_scenario_directory_rejected" time="0.004" /><testcase classname="tests.test_loader" name="test_valid_control_file_loads_block_cap_and_target_rules" time="0.008" /><testcase classname="tests.test_loader" name="test_invalid_control_rule_rejected[tag-nonexistent]" time="0.001" /><testcase classname="tests.test_loader" name="test_invalid_control_rule_rejected[action-execute]" time="0.001" /><testcase classname="tests.test_loader" name="test_invalid_control_rule_rejected[targets-value2]" time="0.001" /><testcase classname="tests.test_loader" name="test_invalid_control_rule_rejected[reason- ]" time="0.001" /><testcase classname="tests.test_loader" name="test_control_caps_require_valid_ordinal_integer[True]" time="0.002" /><testcase classname="tests.test_loader" name="test_control_caps_require_valid_ordinal_integer[0]" time="0.001" /><testcase classname="tests.test_loader" name="test_control_caps_require_valid_ordinal_integer[6]" time="0.001" /><testcase classname="tests.test_loader" name="test_control_caps_require_valid_ordinal_integer[2.0]" time="0.001" /><testcase classname="tests.test_loader" name="test_control_caps_require_valid_ordinal_integer[2]" time="0.001" /><testcase classname="tests.test_loader" name="test_control_caps_require_valid_ordinal_integer[None]" time="0.001" /><testcase classname="tests.test_loader" name="test_cap_rule_requires_cap" time="0.001" /><testcase classname="tests.test_loader" name="test_block_rule_must_not_have_cap" time="0.001" /><testcase classname="tests.test_loader" name="test_control_rules_must_be_nonempty" time="0.002" /><testcase classname="tests.test_loader" name="test_duplicate_control_ids_rejected" time="0.002" /><testcase classname="tests.test_loader" name="test_rule_ids_are_unique_across_controls" time="0.001" /><testcase classname="tests.test_loader" name="test_duplicate_rule_targets_rejected" time="0.001" /><testcase classname="tests.test_loader" name="test_unknown_control_fields_rejected[configuration]" time="0.001" /><testcase classname="tests.test_loader" name="test_unknown_control_fields_rejected[control]" time="0.001" /><testcase classname="tests.test_loader" name="test_unknown_control_fields_rejected[rule]" time="0.001" /><testcase classname="tests.test_loader" name="test_empty_control_collection_is_valid_for_baseline" time="0.001" /><testcase classname="tests.test_loader" name="test_valid_risk_file_loads_and_canonicalises_band_order" time="0.007" /><testcase classname="tests.test_loader" name="test_unsupported_likelihood_method_rejected[product]" time="0.001" /><testcase classname="tests.test_loader" name="test_unsupported_likelihood_method_rejected[mean]" time="0.001" /><testcase classname="tests.test_loader" name="test_unsupported_likelihood_method_rejected[None]" time="0.001" /><testcase classname="tests.test_loader" name="test_unsupported_likelihood_method_rejected[True]" time="0.001" /><testcase classname="tests.test_loader" name="test_risk_bands_require_exact_documented_mapping[gap]" time="0.001" /><testcase classname="tests.test_loader" name="test_risk_bands_require_exact_documented_mapping[overlap]" time="0.001" /><testcase classname="tests.test_loader" name="test_risk_bands_require_exact_documented_mapping[name]" time="0.001" /><testcase classname="tests.test_loader" name="test_risk_bands_require_exact_documented_mapping[missing]" time="0.001" /><testcase classname="tests.test_loader" name="test_risk_bands_require_exact_documented_mapping[duplicate]" time="0.001" /><testcase classname="tests.test_loader" name="test_risk_bands_require_exact_documented_mapping[boolean]" time="0.001" /><testcase classname="tests.test_loader" name="test_top_level_requires_json_object[None]" time="0.001" /><testcase classname="tests.test_loader" name="test_top_level_requires_json_object[data1]" time="0.001" /><testcase classname="tests.test_loader" name="test_top_level_requires_json_object[object]" time="0.001" /><testcase classname="tests.test_loader" name="test_top_level_requires_json_object[1]" time="0.001" /><testcase classname="tests.test_loader" name="test_top_level_requires_json_object[True]" time="0.001" /><testcase classname="tests.test_loader" name="test_display_text_is_preserved_as_data_without_execution" time="0.001" /></testsuite></testsuites>