<?xml version="1.0" encoding="utf-8"?><testsuites name="pytest tests"><testsuite name="pytest" errors="0" failures="0" skipped="0" tests="48" time="3.057" timestamp="2026-09-11T01:13:35.928359+10:00" hostname="DESKTOP-5V198AC"><testcase classname="tests.test_reports" name="test_SITAS_T21_json_retains_complete_analysis_and_required_finding_fields" time="0.034" /><testcase classname="tests.test_reports" name="test_SITAS_T22_csv_reconciles_every_finding_and_nested_control_effect" time="0.004" /><testcase classname="tests.test_reports" name="test_SITAS_T23_html_contains_run_metadata_and_all_finding_evidence" time="0.033" /><testcase classname="tests.test_reports" name="test_fixed_timestamp_produces_identical_report_bytes[json]" time="0.034" /><testcase classname="tests.test_reports" name="test_fixed_timestamp_produces_identical_report_bytes[csv]" time="0.029" /><testcase classname="tests.test_reports" name="test_fixed_timestamp_produces_identical_report_bytes[html]" time="0.028" /><testcase classname="tests.test_reports" name="test_rendering_does_not_mutate_the_completed_analysis" time="0.011" /><testcase classname="tests.test_reports" name="test_csv_neutralises_formula_prefixes_without_dropping_original_text[=HYPERLINK(&quot;https://example.invalid&quot;,&quot;synthetic&quot;)]" time="0.006" /><testcase classname="tests.test_reports" name="test_csv_neutralises_formula_prefixes_without_dropping_original_text[+SUM(1,2)]" time="0.005" /><testcase classname="tests.test_reports" name="test_csv_neutralises_formula_prefixes_without_dropping_original_text[-1+2]" time="0.005" /><testcase classname="tests.test_reports" name="test_csv_neutralises_formula_prefixes_without_dropping_original_text[@SUM(1,2)]" time="0.007" /><testcase classname="tests.test_reports" name="test_csv_neutralises_formula_prefixes_without_dropping_original_text[\t=1+1]" time="0.005" /><testcase classname="tests.test_reports" name="test_csv_neutralises_formula_prefixes_without_dropping_original_text[ \r\n@SUM(1,2)]" time="0.005" /><testcase classname="tests.test_reports" name="test_csv_preserves_unicode_quotes_commas_and_line_breaks_as_one_cell" time="0.006" /><testcase classname="tests.test_reports" name="test_html_escapes_hostile_labels_and_attribute_delimiters" time="0.028" /><testcase classname="tests.test_reports" name="test_html_keeps_non_http_reference_urls_inert[javascript:alert(1)]" time="0.030" /><testcase classname="tests.test_reports" name="test_html_keeps_non_http_reference_urls_inert[ \tJaVaScRiPt:alert(1)]" time="0.029" /><testcase classname="tests.test_reports" name="test_html_keeps_non_http_reference_urls_inert[java\nscript:alert(1)]" time="0.032" /><testcase classname="tests.test_reports" name="test_html_keeps_non_http_reference_urls_inert[data:text/html,&lt;script&gt;alert(1)&lt;/script&gt;]" time="0.032" /><testcase classname="tests.test_reports" name="test_html_keeps_non_http_reference_urls_inert[file:///synthetic-local-file]" time="0.030" /><testcase classname="tests.test_reports" name="test_html_keeps_non_http_reference_urls_inert[//example.invalid/untrusted]" time="0.030" /><testcase classname="tests.test_reports" name="test_valid_reference_url_and_title_preserve_ampersands_without_creating_attributes" time="0.022" /><testcase classname="tests.test_reports" name="test_write_reports_creates_exact_complete_files_matching_rendered_content" time="0.097" /><testcase classname="tests.test_reports" name="test_output_path_conflict_is_reported_without_overwriting_the_existing_file" time="0.014" /><testcase classname="tests.test_reports" name="test_replacement_failure_leaves_only_complete_old_or_new_reports" time="0.108" /><testcase classname="tests.test_reports" name="test_late_render_failure_preserves_all_existing_report_files" time="0.069" /><testcase classname="tests.test_cli" name="test_analyse_returns_consistent_aggregate_and_flat_findings" time="0.025" /><testcase classname="tests.test_cli" name="test_identical_inputs_and_fixed_time_produce_identical_result_objects" time="0.049" /><testcase classname="tests.test_cli" name="test_generation_time_does_not_change_simulation_identity" time="0.048" /><testcase classname="tests.test_cli" name="test_aware_timestamp_is_normalised_to_utc" time="0.024" /><testcase classname="tests.test_cli" name="test_timestamp_requires_valid_timezone_aware_iso_text[2026-09-10T14:00:00]" time="0.001" /><testcase classname="tests.test_cli" name="test_timestamp_requires_valid_timezone_aware_iso_text[not-a-date]" time="0.001" /><testcase classname="tests.test_cli" name="test_default_inputs_resolve_independently_of_current_directory" time="0.029" /><testcase classname="tests.test_cli" name="test_changed_valid_environment_changes_input_fingerprint" time="0.065" /><testcase classname="tests.test_cli" name="test_selected_scenarios_and_controls_are_applied" time="0.024" /><testcase classname="tests.test_cli" name="test_none_control_selection_preserves_baseline_exposure" time="0.025" /><testcase classname="tests.test_cli" name="test_duplicate_control_selection_has_same_identity_and_findings" time="0.058" /><testcase classname="tests.test_cli" name="test_invalid_control_selection_rejected[unknown_control]" time="0.017" /><testcase classname="tests.test_cli" name="test_invalid_control_selection_rejected[]" time="0.018" /><testcase classname="tests.test_cli" name="test_invalid_control_selection_rejected[ , ]" time="0.019" /><testcase classname="tests.test_cli" name="test_unknown_scenario_id_is_rejected" time="0.019" /><testcase classname="tests.test_cli" name="test_invalid_bounds_fail_even_when_scenario_has_no_selected_edges" time="0.004" /><testcase classname="tests.test_cli" name="test_cli_writes_all_reports_and_fixed_time_runs_are_byte_equal" time="0.596" /><testcase classname="tests.test_cli" name="test_cli_repeated_scenario_flags_select_requested_cases" time="0.261" /><testcase classname="tests.test_cli" name="test_cli_lists_scenarios_without_creating_reports" time="0.214" /><testcase classname="tests.test_cli" name="test_cli_malformed_input_fails_without_creating_report_directory" time="0.195" /><testcase classname="tests.test_cli" name="test_cli_search_resource_failure_does_not_publish_partial_reports" time="0.209" /><testcase classname="tests.test_cli" name="test_cli_unwritable_output_target_fails_clearly_and_preserves_existing_file" time="0.241" /></testsuite></testsuites>