<?xml version="1.0" encoding="utf-8"?><testsuites name="pytest tests"><testsuite name="pytest" errors="0" failures="0" skipped="0" tests="37" time="0.125" timestamp="2026-09-11T00:52:25.505693+10:00" hostname="DESKTOP-5V198AC"><testcase classname="tests.test_risk" name="test_SITAS_T11_likelihood_is_minimum_ordinal_value" time="0.002" /><testcase classname="tests.test_risk" name="test_SITAS_T12_impact_comes_from_protected_target" time="0.001" /><testcase classname="tests.test_risk" name="test_SITAS_T13_risk_is_path_likelihood_times_target_impact" time="0.001" /><testcase classname="tests.test_risk" name="test_SITAS_T14_severity_boundaries_are_inclusive[1-Low]" time="0.001" /><testcase classname="tests.test_risk" name="test_SITAS_T14_severity_boundaries_are_inclusive[4-Low]" time="0.001" /><testcase classname="tests.test_risk" name="test_SITAS_T14_severity_boundaries_are_inclusive[5-Medium]" time="0.001" /><testcase classname="tests.test_risk" name="test_SITAS_T14_severity_boundaries_are_inclusive[9-Medium]" time="0.001" /><testcase classname="tests.test_risk" name="test_SITAS_T14_severity_boundaries_are_inclusive[10-High]" time="0.001" /><testcase classname="tests.test_risk" name="test_SITAS_T14_severity_boundaries_are_inclusive[16-High]" time="0.001" /><testcase classname="tests.test_risk" name="test_SITAS_T14_severity_boundaries_are_inclusive[17-Critical]" time="0.001" /><testcase classname="tests.test_risk" name="test_SITAS_T14_severity_boundaries_are_inclusive[25-Critical]" time="0.001" /><testcase classname="tests.test_risk" name="test_likelihood_does_not_multiply_or_average_edge_scores" time="0.002" /><testcase classname="tests.test_risk" name="test_invalid_likelihood_inputs_rejected[values0]" time="0.001" /><testcase classname="tests.test_risk" name="test_invalid_likelihood_inputs_rejected[values1]" time="0.001" /><testcase classname="tests.test_risk" name="test_invalid_likelihood_inputs_rejected[values2]" time="0.001" /><testcase classname="tests.test_risk" name="test_invalid_likelihood_inputs_rejected[values3]" time="0.001" /><testcase classname="tests.test_risk" name="test_invalid_likelihood_inputs_rejected[values4]" time="0.001" /><testcase classname="tests.test_risk" name="test_invalid_likelihood_inputs_rejected[values5]" time="0.001" /><testcase classname="tests.test_risk" name="test_invalid_severity_score_rejected[True]" time="0.001" /><testcase classname="tests.test_risk" name="test_invalid_severity_score_rejected[0]" time="0.001" /><testcase classname="tests.test_risk" name="test_invalid_severity_score_rejected[26]" time="0.001" /><testcase classname="tests.test_risk" name="test_invalid_severity_score_rejected[1.5]" time="0.001" /><testcase classname="tests.test_risk" name="test_severity_requires_exactly_one_matching_band" time="0.001" /><testcase classname="tests.test_risk" name="test_unsupported_risk_method_is_rejected" time="0.001" /><testcase classname="tests.test_risk" name="test_empty_path_cannot_receive_a_risk_score" time="0.001" /><testcase classname="tests.test_risk" name="test_path_node_and_edge_count_must_agree" time="0.001" /><testcase classname="tests.test_risk" name="test_path_must_not_repeat_a_node" time="0.001" /><testcase classname="tests.test_risk" name="test_unknown_path_edge_is_rejected" time="0.001" /><testcase classname="tests.test_risk" name="test_edge_must_match_each_ordered_node_transition" time="0.001" /><testcase classname="tests.test_risk" name="test_score_target_must_be_asset" time="0.001" /><testcase classname="tests.test_risk" name="test_target_impact_is_revalidated_for_directly_constructed_graph[attributes0]" time="0.001" /><testcase classname="tests.test_risk" name="test_target_impact_is_revalidated_for_directly_constructed_graph[attributes1]" time="0.001" /><testcase classname="tests.test_risk" name="test_target_impact_is_revalidated_for_directly_constructed_graph[attributes2]" time="0.001" /><testcase classname="tests.test_risk" name="test_target_impact_is_revalidated_for_directly_constructed_graph[attributes3]" time="0.001" /><testcase classname="tests.test_risk" name="test_ranking_uses_descending_risk_then_stable_path_id" time="0.001" /><testcase classname="tests.test_risk" name="test_empty_path_collection_has_empty_ranking" time="0.001" /><testcase classname="tests.test_risk" name="test_risk_result_is_immutable" time="0.001" /></testsuite></testsuites>