<?xml version="1.0" encoding="utf-8"?><testsuites name="pytest tests"><testsuite name="pytest" errors="0" failures="0" skipped="0" tests="31" time="0.205" timestamp="2026-09-11T01:10:59.313792+10:00" hostname="DESKTOP-5V198AC"><testcase classname="tests.test_comparison" name="test_SITAS_T20_reconciles_blocked_reduced_unchanged_and_exposure" time="0.003" /><testcase classname="tests.test_comparison" name="test_blocked_findings_retain_baseline_without_inventing_low_residual_risk" time="0.001" /><testcase classname="tests.test_comparison" name="test_reduced_finding_preserves_baseline_fields_and_records_remaining_score" time="0.001" /><testcase classname="tests.test_comparison" name="test_cap_can_change_an_edge_without_changing_the_path_bottleneck" time="0.001" /><testcase classname="tests.test_comparison" name="test_parallel_edge_paths_are_matched_by_ordered_edge_ids" time="0.001" /><testcase classname="tests.test_comparison" name="test_all_blocked_paths_contribute_no_remaining_severity_or_exposure" time="0.001" /><testcase classname="tests.test_comparison" name="test_zero_path_analysis_has_zero_exposure_reduction" time="0.001" /><testcase classname="tests.test_comparison" name="test_no_selected_controls_preserves_every_baseline_path" time="0.002" /><testcase classname="tests.test_comparison" name="test_permuted_inputs_and_control_selection_preserve_canonical_findings" time="0.002" /><testcase classname="tests.test_comparison" name="test_resource_exhaustion_raises_instead_of_returning_partial_comparison[limits0]" time="0.001" /><testcase classname="tests.test_comparison" name="test_resource_exhaustion_raises_instead_of_returning_partial_comparison[limits1]" time="0.001" /><testcase classname="tests.test_comparison" name="test_depth_bound_is_retained_in_search_evidence" time="0.001" /><testcase classname="tests.test_scenarios" name="test_SITAS_T24_each_scenario_matches_explicit_paths_scores_and_control_outcomes[scenario_01]" time="0.022" /><testcase classname="tests.test_scenarios" name="test_SITAS_T24_each_scenario_matches_explicit_paths_scores_and_control_outcomes[scenario_02]" time="0.002" /><testcase classname="tests.test_scenarios" name="test_SITAS_T24_each_scenario_matches_explicit_paths_scores_and_control_outcomes[scenario_03]" time="0.001" /><testcase classname="tests.test_scenarios" name="test_SITAS_T24_each_scenario_matches_explicit_paths_scores_and_control_outcomes[scenario_04]" time="0.001" /><testcase classname="tests.test_scenarios" name="test_SITAS_T24_each_scenario_matches_explicit_paths_scores_and_control_outcomes[scenario_05]" time="0.001" /><testcase classname="tests.test_scenarios" name="test_SITAS_T24_each_scenario_matches_explicit_paths_scores_and_control_outcomes[scenario_06]" time="0.001" /><testcase classname="tests.test_scenarios" name="test_SITAS_T24_each_scenario_matches_explicit_paths_scores_and_control_outcomes[scenario_07]" time="0.001" /><testcase classname="tests.test_scenarios" name="test_SITAS_T24_each_scenario_matches_explicit_paths_scores_and_control_outcomes[scenario_08]" time="0.001" /><testcase classname="tests.test_scenarios" name="test_SITAS_T24_each_scenario_matches_explicit_paths_scores_and_control_outcomes[scenario_09]" time="0.001" /><testcase classname="tests.test_scenarios" name="test_SITAS_T24_each_scenario_matches_explicit_paths_scores_and_control_outcomes[scenario_10]" time="0.001" /><testcase classname="tests.test_scenarios" name="test_all_scenarios_have_reconciled_hand_calculated_totals" time="0.006" /><testcase classname="tests.test_scenarios" name="test_mfa_alone_preserves_administrator_session_alternative" time="0.001" /><testcase classname="tests.test_scenarios" name="test_mfa_alone_does_not_remove_session_only_scenario" time="0.001" /><testcase classname="tests.test_scenarios" name="test_timeout_alone_leaves_fresh_shared_session_path" time="0.001" /><testcase classname="tests.test_scenarios" name="test_disablement_matches_stale_identity_but_preserves_active_worker" time="0.001" /><testcase classname="tests.test_scenarios" name="test_device_separation_preserves_original_device_while_revocation_blocks_both" time="0.001" /><testcase classname="tests.test_scenarios" name="test_agency_primary_route_contains_credential_shared_device_and_application" time="0.001" /><testcase classname="tests.test_scenarios" name="test_multistage_primary_places_workstation_and_application_before_privilege" time="0.001" /><testcase classname="tests.test_scenarios" name="test_no_controls_preserves_all_baseline_routes_and_scores" time="0.004" /></testsuite></testsuites>